<?xml version="1.0" encoding="UTF-8"?>
<coverage generated="1779397471106" clover="3.2.0">
  <project timestamp="1779397471106" name="All files">
    <metrics statements="29" coveredstatements="29" conditionals="16" coveredconditionals="13" methods="7" coveredmethods="7" elements="52" coveredelements="49" complexity="0" loc="29" ncloc="29" packages="1" files="1" classes="1"/>
    <file name="feature_extractor.js" path="D:\sign_lang_proj\sign-wave-web\src\utils\feature_extractor.js">
      <metrics statements="29" coveredstatements="29" conditionals="16" coveredconditionals="13" methods="7" coveredmethods="7"/>
      <line num="1" count="1" type="stmt"/>
      <line num="2" count="6" type="stmt"/>
      <line num="3" count="120" type="cond" truecount="2" falsecount="0"/>
      <line num="5" count="25650" type="stmt"/>
      <line num="6" count="120" type="stmt"/>
      <line num="9" count="1" type="stmt"/>
      <line num="10" count="7" type="stmt"/>
      <line num="13" count="7" type="stmt"/>
      <line num="14" count="7" type="stmt"/>
      <line num="16" count="7" type="cond" truecount="2" falsecount="0"/>
      <line num="17" count="2" type="stmt"/>
      <line num="18" count="2" type="stmt"/>
      <line num="22" count="7" type="cond" truecount="2" falsecount="0"/>
      <line num="23" count="2" type="stmt"/>
      <line num="24" count="66" type="cond" truecount="1" falsecount="1"/>
      <line num="26" count="66" type="stmt"/>
      <line num="27" count="66" type="stmt"/>
      <line num="28" count="66" type="stmt"/>
      <line num="34" count="7" type="cond" truecount="3" falsecount="1"/>
      <line num="35" count="7" type="stmt"/>
      <line num="36" count="4" type="stmt"/>
      <line num="37" count="4" type="cond" truecount="2" falsecount="0"/>
      <line num="39" count="4" type="stmt"/>
      <line num="40" count="84" type="cond" truecount="1" falsecount="1"/>
      <line num="41" count="84" type="stmt"/>
      <line num="43" count="84" type="stmt"/>
      <line num="44" count="84" type="stmt"/>
      <line num="45" count="84" type="stmt"/>
      <line num="51" count="7" type="stmt"/>
    </file>
  </project>
</coverage>
