{"D:\\sign_lang_proj\\sign-wave-web\\src\\utils\\feature_extractor.js": {"path":"D:\\sign_lang_proj\\sign-wave-web\\src\\utils\\feature_extractor.js","statementMap":{"0":{"start":{"line":1,"column":13},"end":{"line":7,"column":null}},"1":{"start":{"line":2,"column":2},"end":{"line":7,"column":null}},"2":{"start":{"line":3,"column":18},"end":{"line":5,"column":49}},"3":{"start":{"line":5,"column":28},"end":{"line":5,"column":49}},"4":{"start":{"line":6,"column":4},"end":{"line":6,"column":null}},"5":{"start":{"line":9,"column":13},"end":{"line":51,"column":null}},"6":{"start":{"line":10,"column":20},"end":{"line":10,"column":42}},"7":{"start":{"line":13,"column":14},"end":{"line":13,"column":null}},"8":{"start":{"line":14,"column":14},"end":{"line":14,"column":null}},"9":{"start":{"line":16,"column":2},"end":{"line":18,"column":null}},"10":{"start":{"line":17,"column":4},"end":{"line":17,"column":null}},"11":{"start":{"line":18,"column":4},"end":{"line":18,"column":null}},"12":{"start":{"line":22,"column":2},"end":{"line":30,"column":null}},"13":{"start":{"line":23,"column":4},"end":{"line":30,"column":null}},"14":{"start":{"line":24,"column":6},"end":{"line":28,"column":null}},"15":{"start":{"line":26,"column":8},"end":{"line":26,"column":null}},"16":{"start":{"line":27,"column":8},"end":{"line":27,"column":null}},"17":{"start":{"line":28,"column":8},"end":{"line":28,"column":null}},"18":{"start":{"line":34,"column":2},"end":{"line":48,"column":null}},"19":{"start":{"line":35,"column":4},"end":{"line":48,"column":null}},"20":{"start":{"line":36,"column":20},"end":{"line":36,"column":null}},"21":{"start":{"line":37,"column":21},"end":{"line":37,"column":null}},"22":{"start":{"line":39,"column":6},"end":{"line":47,"column":null}},"23":{"start":{"line":40,"column":8},"end":{"line":45,"column":null}},"24":{"start":{"line":41,"column":26},"end":{"line":41,"column":null}},"25":{"start":{"line":43,"column":10},"end":{"line":43,"column":null}},"26":{"start":{"line":44,"column":10},"end":{"line":44,"column":null}},"27":{"start":{"line":45,"column":10},"end":{"line":45,"column":null}},"28":{"start":{"line":51,"column":2},"end":{"line":51,"column":null}}},"fnMap":{"0":{"name":"(anonymous_0)","decl":{"start":{"line":1,"column":13},"end":{"line":1,"column":29}},"loc":{"start":{"line":2,"column":2},"end":{"line":7,"column":null}},"line":2},"1":{"name":"(anonymous_1)","decl":{"start":{"line":2,"column":9},"end":{"line":2,"column":14}},"loc":{"start":{"line":2,"column":27},"end":{"line":7,"column":null}},"line":2},"2":{"name":"(anonymous_2)","decl":{"start":{"line":5,"column":14},"end":{"line":5,"column":19}},"loc":{"start":{"line":5,"column":28},"end":{"line":5,"column":49}},"line":5},"3":{"name":"(anonymous_3)","decl":{"start":{"line":9,"column":13},"end":{"line":9,"column":32}},"loc":{"start":{"line":9,"column":59},"end":{"line":51,"column":null}},"line":9},"4":{"name":"(anonymous_4)","decl":{"start":{"line":23,"column":28},"end":{"line":23,"column":37}},"loc":{"start":{"line":23,"column":47},"end":{"line":30,"column":null}},"line":23},"5":{"name":"(anonymous_5)","decl":{"start":{"line":35,"column":25},"end":{"line":35,"column":34}},"loc":{"start":{"line":35,"column":59},"end":{"line":48,"column":null}},"line":35},"6":{"name":"(anonymous_6)","decl":{"start":{"line":39,"column":20},"end":{"line":39,"column":29}},"loc":{"start":{"line":39,"column":39},"end":{"line":47,"column":null}},"line":39}},"branchMap":{"0":{"loc":{"start":{"line":3,"column":18},"end":{"line":5,"column":49}},"type":"cond-expr","locations":[{"start":{"line":4,"column":8},"end":{"line":4,"column":30}},{"start":{"line":5,"column":8},"end":{"line":5,"column":49}}],"line":3},"1":{"loc":{"start":{"line":16,"column":2},"end":{"line":18,"column":null}},"type":"if","locations":[{"start":{"line":16,"column":2},"end":{"line":18,"column":null}},{"start":{},"end":{}}],"line":16},"2":{"loc":{"start":{"line":22,"column":2},"end":{"line":30,"column":null}},"type":"if","locations":[{"start":{"line":22,"column":2},"end":{"line":30,"column":null}},{"start":{},"end":{}}],"line":22},"3":{"loc":{"start":{"line":24,"column":6},"end":{"line":28,"column":null}},"type":"if","locations":[{"start":{"line":24,"column":6},"end":{"line":28,"column":null}},{"start":{},"end":{}}],"line":24},"4":{"loc":{"start":{"line":34,"column":2},"end":{"line":48,"column":null}},"type":"if","locations":[{"start":{"line":34,"column":2},"end":{"line":48,"column":null}},{"start":{},"end":{}}],"line":34},"5":{"loc":{"start":{"line":34,"column":6},"end":{"line":34,"column":54}},"type":"binary-expr","locations":[{"start":{"line":34,"column":6},"end":{"line":34,"column":31}},{"start":{"line":34,"column":31},"end":{"line":34,"column":54}}],"line":34},"6":{"loc":{"start":{"line":37,"column":21},"end":{"line":37,"column":null}},"type":"cond-expr","locations":[{"start":{"line":37,"column":40},"end":{"line":37,"column":45}},{"start":{"line":37,"column":45},"end":{"line":37,"column":null}}],"line":37},"7":{"loc":{"start":{"line":40,"column":8},"end":{"line":45,"column":null}},"type":"if","locations":[{"start":{"line":40,"column":8},"end":{"line":45,"column":null}},{"start":{},"end":{}}],"line":40}},"s":{"0":1,"1":6,"2":120,"3":25650,"4":120,"5":1,"6":7,"7":7,"8":7,"9":7,"10":2,"11":2,"12":7,"13":2,"14":66,"15":66,"16":66,"17":66,"18":7,"19":7,"20":4,"21":4,"22":4,"23":84,"24":84,"25":84,"26":84,"27":84,"28":7},"f":{"0":6,"1":120,"2":25650,"3":7,"4":66,"5":4,"6":84},"b":{"0":[6,114],"1":[2,5],"2":[2,5],"3":[66,0],"4":[7,0],"5":[7,7],"6":[2,2],"7":[84,0]},"meta":{"lastBranch":8,"lastFunction":7,"lastStatement":29,"seen":{"s:1:13:7:Infinity":0,"f:1:13:1:29":0,"s:2:2:7:Infinity":1,"f:2:9:2:14":1,"s:3:18:5:49":2,"b:4:8:4:30:5:8:5:49":0,"f:5:14:5:19":2,"s:5:28:5:49":3,"s:6:4:6:Infinity":4,"s:9:13:51:Infinity":5,"f:9:13:9:32":3,"s:10:20:10:42":6,"s:13:14:13:Infinity":7,"s:14:14:14:Infinity":8,"b:16:2:18:Infinity:undefined:undefined:undefined:undefined":1,"s:16:2:18:Infinity":9,"s:17:4:17:Infinity":10,"s:18:4:18:Infinity":11,"b:22:2:30:Infinity:undefined:undefined:undefined:undefined":2,"s:22:2:30:Infinity":12,"s:23:4:30:Infinity":13,"f:23:28:23:37":4,"b:24:6:28:Infinity:undefined:undefined:undefined:undefined":3,"s:24:6:28:Infinity":14,"s:26:8:26:Infinity":15,"s:27:8:27:Infinity":16,"s:28:8:28:Infinity":17,"b:34:2:48:Infinity:undefined:undefined:undefined:undefined":4,"s:34:2:48:Infinity":18,"b:34:6:34:31:34:31:34:54":5,"s:35:4:48:Infinity":19,"f:35:25:35:34":5,"s:36:20:36:Infinity":20,"s:37:21:37:Infinity":21,"b:37:40:37:45:37:45:37:Infinity":6,"s:39:6:47:Infinity":22,"f:39:20:39:29":6,"b:40:8:45:Infinity:undefined:undefined:undefined:undefined":7,"s:40:8:45:Infinity":23,"s:41:26:41:Infinity":24,"s:43:10:43:Infinity":25,"s:44:10:44:Infinity":26,"s:45:10:45:Infinity":27,"s:51:2:51:Infinity":28}}}
}
